<?xml version="1.0" encoding="UTF-8"?>
<!-- Generated by org.testng.reporters.JUnitReportReporter -->
<testsuite skipped="0" hostname="JLY710" name="com.class01.Task1" tests="3" failures="0" timestamp="2020-01-14T18:23:46 EST" time="0.009" errors="0">
  <testcase name="A" time="0.002" classname="com.class01.Task1"/>
  <testcase name="B" time="0.004" classname="com.class01.Task1"/>
  <testcase name="C" time="0.003" classname="com.class01.Task1"/>
</testsuite> <!-- com.class01.Task1 -->
