<?xml version="1.0" encoding="UTF-8"?>
<!-- Generated by org.testng.reporters.JUnitReportReporter -->
<testsuite skipped="0" hostname="JLY710" name="com.class01.HW1" tests="2" failures="0" timestamp="2020-01-22T21:11:29 EST" time="16.051" errors="0">
  <testcase name="displayedLogo" time="6.555" classname="com.class01.HW1"/>
  <testcase name="validLogin" time="9.496" classname="com.class01.HW1"/>
</testsuite> <!-- com.class01.HW1 -->
