<?xml version="1.0" encoding="UTF-8"?>
<!-- Generated by org.testng.reporters.JUnitReportReporter -->
<testsuite skipped="0" hostname="JLY710" name="com.class01.HW2" tests="1" failures="0" timestamp="2020-01-22T21:16:43 EST" time="8.493" errors="0">
  <testcase name="validLogin" time="8.493" classname="com.class01.HW2"/>
</testsuite> <!-- com.class01.HW2 -->
