<?xml version="1.0" encoding="UTF-8"?>
<!-- Generated by org.testng.reporters.JUnitReportReporter -->
<testsuite skipped="0" hostname="JLY710" name="com.class01.DifferentAnnotations" tests="1" failures="0" timestamp="2020-01-12T00:40:09 EST" time="0.009" errors="0">
  <testcase name="test" time="0.009" classname="com.class01.DifferentAnnotations"/>
</testsuite> <!-- com.class01.DifferentAnnotations -->
