<?xml version="1.0" encoding="UTF-8"?>
<!-- Generated by org.testng.reporters.JUnitReportReporter -->
<testsuite skipped="0" hostname="JLY710" name="com.class03.AlwaysRun" tests="2" failures="0" timestamp="2020-01-18T12:25:05 EST" time="0.014" errors="0">
  <testcase name="testMethod" time="0.010" classname="com.class03.AlwaysRun"/>
  <testcase name="testMethod1" time="0.004" classname="com.class03.AlwaysRun"/>
</testsuite> <!-- com.class03.AlwaysRun -->
