<?xml version="1.0" encoding="UTF-8"?>
<!-- Generated by org.testng.reporters.JUnitReportReporter -->
<testsuite skipped="1" hostname="JLY710" name="com.class02.HW" tests="2" failures="0" timestamp="2020-01-14T18:23:46 EST" time="12.058" errors="0">
  <testcase name="validationOfMessage" time="12.058" classname="com.class02.HW"/>
  <testcase name="validationOfLogo" classname="com.class02.HW">
    <skipped/>
  </testcase> <!-- validationOfLogo -->
</testsuite> <!-- com.class02.HW -->
