<?xml version="1.0" encoding="UTF-8"?>
<!-- Generated by org.testng.reporters.JUnitReportReporter -->
<testsuite skipped="0" hostname="JLY710" name="com.class03.Groups" tests="2" failures="0" timestamp="2020-01-23T15:26:33 EST" time="17.731" errors="0">
  <testcase name="titleValidation" time="8.163" classname="com.class03.Groups"/>
  <testcase name="validLogin" time="9.568" classname="com.class03.Groups"/>
</testsuite> <!-- com.class03.Groups -->
