<?xml version="1.0" encoding="UTF-8"?>
<!-- Generated by org.testng.reporters.JUnitReportReporter -->
<testsuite skipped="0" hostname="JLY710" name="com.class01.Task2" tests="2" failures="0" timestamp="2020-01-22T20:58:10 EST" time="0.011" errors="0">
  <testcase name="afterTest" time="0.008" classname="com.class01.Task2"/>
  <testcase name="beforeTest" time="0.003" classname="com.class01.Task2"/>
</testsuite> <!-- com.class01.Task2 -->
